[0722/192309.847:INFO:CONSOLE(133)] "Event handler of 'x-storagemutated-1' event must be added on the initial evaluation of worker script.", source: https://static.whatsapp.net/rsrc.php/v3/yl/r/4gKkVuWFrPt.js?_nc_x=Ij3Wp8lg5Kz (133)
[0722/192312.344:INFO:CONSOLE(0)] "Error with Permissions-Policy header: Feature xr-spatial-tracking's parameters are ignored.", source:  (0)
[0722/192312.344:INFO:CONSOLE(0)] "Error with Permissions-Policy header: Origin trial controlled feature not enabled: 'attribution-reporting'.", source:  (0)
[0722/192312.344:INFO:CONSOLE(0)] "Error with Permissions-Policy header: Unrecognized feature: 'battery'.", source:  (0)
[0722/192312.345:INFO:CONSOLE(0)] "Error with Permissions-Policy header: Unrecognized feature: 'compute-pressure'.", source:  (0)
[0722/192312.345:INFO:CONSOLE(0)] "Error with Permissions-Policy header: Origin trial controlled feature not enabled: 'interest-cohort'.", source:  (0)
[0722/192312.345:INFO:CONSOLE(0)] "Error with Permissions-Policy header: Unrecognized feature: 'private-state-token-issuance'.", source:  (0)
[0722/192312.345:INFO:CONSOLE(0)] "Error with Permissions-Policy header: Origin trial controlled feature not enabled: 'shared-storage'.", source:  (0)
[0722/192312.345:INFO:CONSOLE(0)] "Error with Permissions-Policy header: Unrecognized feature: 'shared-storage-select-url'.", source:  (0)
[0722/192312.345:INFO:CONSOLE(0)] "Error with Permissions-Policy header: Unrecognized feature: 'private-state-token-redemption'.", source:  (0)
[0722/192312.345:INFO:CONSOLE(0)] "Error with Permissions-Policy header: Unrecognized feature: 'usb-unrestricted'.", source:  (0)
[0722/192312.345:INFO:CONSOLE(0)] "Error with Permissions-Policy header: Unrecognized feature: 'unload'.", source:  (0)
[0722/192312.345:INFO:CONSOLE(0)] "Error with Permissions-Policy header: Unrecognized feature: 'window-management'.", source:  (0)
[0722/192314.519:INFO:CONSOLE(133)] "Event handler of 'x-storagemutated-1' event must be added on the initial evaluation of worker script.", source: https://static.whatsapp.net/rsrc.php/v3/ym/r/nC-3Yux-htg.js?_nc_x=Ij3Wp8lg5Kz (133)
[0722/192818.672:INFO:CONSOLE(341)] "Failed to parse video contentType: video/mp4; codecs=avc1.42000a", source: https://static.whatsapp.net/rsrc.php/v3idbW4/yM/l/rt/xaMICRIC9_P.js?_nc_x=Ij3Wp8lg5Kz (341)
[0722/192818.673:INFO:CONSOLE(341)] "Failed to parse video contentType: video/mp4; codecs=hev1.1.6.L93.B0", source: https://static.whatsapp.net/rsrc.php/v3idbW4/yM/l/rt/xaMICRIC9_P.js?_nc_x=Ij3Wp8lg5Kz (341)
[0722/195138.697:INFO:CONSOLE(133)] "Event handler of 'x-storagemutated-1' event must be added on the initial evaluation of worker script.", source: https://static.whatsapp.net/rsrc.php/v3/ym/r/nC-3Yux-htg.js?_nc_x=Ij3Wp8lg5Kz (133)
[0722/195407.019:INFO:CONSOLE(133)] "Event handler of 'x-storagemutated-1' event must be added on the initial evaluation of worker script.", source: https://static.whatsapp.net/rsrc.php/v3/ym/r/nC-3Yux-htg.js?_nc_x=Ij3Wp8lg5Kz (133)
[0722/195650.390:INFO:CONSOLE(133)] "Event handler of 'x-storagemutated-1' event must be added on the initial evaluation of worker script.", source: https://static.whatsapp.net/rsrc.php/v3/ym/r/nC-3Yux-htg.js?_nc_x=Ij3Wp8lg5Kz (133)
[0722/195823.779:INFO:CONSOLE(133)] "Event handler of 'x-storagemutated-1' event must be added on the initial evaluation of worker script.", source: https://static.whatsapp.net/rsrc.php/v3/ym/r/nC-3Yux-htg.js?_nc_x=Ij3Wp8lg5Kz (133)
[0722/195930.531:INFO:CONSOLE(133)] "Event handler of 'x-storagemutated-1' event must be added on the initial evaluation of worker script.", source: https://static.whatsapp.net/rsrc.php/v3/ym/r/nC-3Yux-htg.js?_nc_x=Ij3Wp8lg5Kz (133)
[0722/200037.227:INFO:CONSOLE(133)] "Event handler of 'x-storagemutated-1' event must be added on the initial evaluation of worker script.", source: https://static.whatsapp.net/rsrc.php/v3/ym/r/nC-3Yux-htg.js?_nc_x=Ij3Wp8lg5Kz (133)
[0722/200215.797:INFO:CONSOLE(133)] "Event handler of 'x-storagemutated-1' event must be added on the initial evaluation of worker script.", source: https://static.whatsapp.net/rsrc.php/v3/ym/r/nC-3Yux-htg.js?_nc_x=Ij3Wp8lg5Kz (133)
[0722/200352.541:INFO:CONSOLE(133)] "Event handler of 'x-storagemutated-1' event must be added on the initial evaluation of worker script.", source: https://static.whatsapp.net/rsrc.php/v3/ym/r/nC-3Yux-htg.js?_nc_x=Ij3Wp8lg5Kz (133)
[0722/200510.092:INFO:CONSOLE(133)] "Event handler of 'x-storagemutated-1' event must be added on the initial evaluation of worker script.", source: https://static.whatsapp.net/rsrc.php/v3/ym/r/nC-3Yux-htg.js?_nc_x=Ij3Wp8lg5Kz (133)
[0722/200938.394:INFO:CONSOLE(133)] "Event handler of 'x-storagemutated-1' event must be added on the initial evaluation of worker script.", source: https://static.whatsapp.net/rsrc.php/v3/ym/r/nC-3Yux-htg.js?_nc_x=Ij3Wp8lg5Kz (133)
[0722/201043.859:INFO:CONSOLE(133)] "Event handler of 'x-storagemutated-1' event must be added on the initial evaluation of worker script.", source: https://static.whatsapp.net/rsrc.php/v3/ym/r/nC-3Yux-htg.js?_nc_x=Ij3Wp8lg5Kz (133)
[0722/201117.724:INFO:CONSOLE(133)] "Event handler of 'x-storagemutated-1' event must be added on the initial evaluation of worker script.", source: https://static.whatsapp.net/rsrc.php/v3/ym/r/nC-3Yux-htg.js?_nc_x=Ij3Wp8lg5Kz (133)
[0722/201255.667:INFO:CONSOLE(133)] "Event handler of 'x-storagemutated-1' event must be added on the initial evaluation of worker script.", source: https://static.whatsapp.net/rsrc.php/v3/ym/r/nC-3Yux-htg.js?_nc_x=Ij3Wp8lg5Kz (133)
[0722/201753.458:INFO:CONSOLE(133)] "Event handler of 'x-storagemutated-1' event must be added on the initial evaluation of worker script.", source: https://static.whatsapp.net/rsrc.php/v3/ym/r/nC-3Yux-htg.js?_nc_x=Ij3Wp8lg5Kz (133)
[0722/202406.598:INFO:CONSOLE(133)] "Event handler of 'x-storagemutated-1' event must be added on the initial evaluation of worker script.", source: https://static.whatsapp.net/rsrc.php/v3/ym/r/nC-3Yux-htg.js?_nc_x=Ij3Wp8lg5Kz (133)
[0722/202453.360:INFO:CONSOLE(133)] "Event handler of 'x-storagemutated-1' event must be added on the initial evaluation of worker script.", source: https://static.whatsapp.net/rsrc.php/v3/ym/r/nC-3Yux-htg.js?_nc_x=Ij3Wp8lg5Kz (133)
[0722/202527.075:INFO:CONSOLE(133)] "Event handler of 'x-storagemutated-1' event must be added on the initial evaluation of worker script.", source: https://static.whatsapp.net/rsrc.php/v3/ym/r/nC-3Yux-htg.js?_nc_x=Ij3Wp8lg5Kz (133)
[0722/202712.229:INFO:CONSOLE(133)] "Event handler of 'x-storagemutated-1' event must be added on the initial evaluation of worker script.", source: https://static.whatsapp.net/rsrc.php/v3/ym/r/nC-3Yux-htg.js?_nc_x=Ij3Wp8lg5Kz (133)
